2017-10-30 14:53:55,643 INFO [com.alibaba.dubbo.common.logger.LoggerFactory] - using logger: com.alibaba.dubbo.common.logger.log4j.Log4jLoggerAdapter
2017-10-30 14:53:55,699 INFO [com.alibaba.dubbo.container.Main] -  [DUBBO] Use container type([spring]) to run dubbo serivce., dubbo version: 2.5.6, current host: 127.0.0.1
2017-10-30 14:53:56,808 ERROR [com.alibaba.dubbo.container.Main] -  [DUBBO] Error creating bean with name 'memberServiceFrontImpl': Injection of resource dependencies failed; nested exception is org.springframework.beans.factory.CannotLoadBeanClassException: Cannot find class [com.alibaba.druid.pool.DruidDataSource] for bean with name 'dataSource' defined in file [D:\eclipse-workspace\mldndubbo\mldndubbo-provider-member\target\classes\META-INF\spring\spring-datasource.xml]; nested exception is java.lang.ClassNotFoundException: com.alibaba.druid.pool.DruidDataSource, dubbo version: 2.5.6, current host: 127.0.0.1
org.springframework.beans.factory.BeanCreationException: Error creating bean with name 'memberServiceFrontImpl': Injection of resource dependencies failed; nested exception is org.springframework.beans.factory.CannotLoadBeanClassException: Cannot find class [com.alibaba.druid.pool.DruidDataSource] for bean with name 'dataSource' defined in file [D:\eclipse-workspace\mldndubbo\mldndubbo-provider-member\target\classes\META-INF\spring\spring-datasource.xml]; nested exception is java.lang.ClassNotFoundException: com.alibaba.druid.pool.DruidDataSource
Related cause: org.springframework.beans.factory.CannotLoadBeanClassException: Cannot find class [com.alibaba.druid.pool.DruidDataSource] for bean with name 'dataSource' defined in file [D:\eclipse-workspace\mldndubbo\mldndubbo-provider-member\target\classes\META-INF\spring\spring-datasource.xml]; nested exception is java.lang.ClassNotFoundException: com.alibaba.druid.pool.DruidDataSource
Related cause: org.springframework.beans.factory.CannotLoadBeanClassException: Cannot find class [org.springframework.jdbc.datasource.DataSourceTransactionManager] for bean with name 'transactionManager' defined in file [D:\eclipse-workspace\mldndubbo\mldndubbo-provider-member\target\classes\META-INF\spring\spring-transaction.xml]; nested exception is java.lang.ClassNotFoundException: org.springframework.jdbc.datasource.DataSourceTransactionManager
	at org.springframework.context.annotation.CommonAnnotationBeanPostProcessor.postProcessPropertyValues(CommonAnnotationBeanPostProcessor.java:321)
	at org.springframework.beans.factory.support.AbstractAutowireCapableBeanFactory.populateBean(AbstractAutowireCapableBeanFactory.java:1340)
	at org.springframework.beans.factory.support.AbstractAutowireCapableBeanFactory.doCreateBean(AbstractAutowireCapableBeanFactory.java:582)
	at org.springframework.beans.factory.support.AbstractAutowireCapableBeanFactory.createBean(AbstractAutowireCapableBeanFactory.java:502)
	at org.springframework.beans.factory.support.AbstractBeanFactory.lambda$doGetBean$0(AbstractBeanFactory.java:312)
	at org.springframework.beans.factory.support.DefaultSingletonBeanRegistry.getSingleton(DefaultSingletonBeanRegistry.java:228)
	at org.springframework.beans.factory.support.AbstractBeanFactory.doGetBean(AbstractBeanFactory.java:310)
	at org.springframework.beans.factory.support.AbstractBeanFactory.getBean(AbstractBeanFactory.java:200)
	at org.springframework.beans.factory.support.DefaultListableBeanFactory.preInstantiateSingletons(DefaultListableBeanFactory.java:756)
	at org.springframework.context.support.AbstractApplicationContext.finishBeanFactoryInitialization(AbstractApplicationContext.java:868)
	at org.springframework.context.support.AbstractApplicationContext.refresh(AbstractApplicationContext.java:549)
	at org.springframework.context.support.ClassPathXmlApplicationContext.<init>(ClassPathXmlApplicationContext.java:144)
	at org.springframework.context.support.ClassPathXmlApplicationContext.<init>(ClassPathXmlApplicationContext.java:95)
	at com.alibaba.dubbo.container.spring.SpringContainer.start(SpringContainer.java:46)
	at com.alibaba.dubbo.container.Main.main(Main.java:86)
	at cn.mldn.mldndubbo.provider.main.StartServiceMain.main(StartServiceMain.java:7)
Caused by: org.springframework.beans.factory.CannotLoadBeanClassException: Cannot find class [com.alibaba.druid.pool.DruidDataSource] for bean with name 'dataSource' defined in file [D:\eclipse-workspace\mldndubbo\mldndubbo-provider-member\target\classes\META-INF\spring\spring-datasource.xml]; nested exception is java.lang.ClassNotFoundException: com.alibaba.druid.pool.DruidDataSource
	at org.springframework.beans.factory.support.AbstractBeanFactory.resolveBeanClass(AbstractBeanFactory.java:1380)
	at org.springframework.beans.factory.support.AbstractAutowireCapableBeanFactory.determineTargetType(AbstractAutowireCapableBeanFactory.java:670)
	at org.springframework.beans.factory.support.AbstractAutowireCapableBeanFactory.predictBeanType(AbstractAutowireCapableBeanFactory.java:637)
	at org.springframework.beans.factory.support.AbstractBeanFactory.isFactoryBean(AbstractBeanFactory.java:1489)
	at org.springframework.beans.factory.support.DefaultListableBeanFactory.doGetBeanNamesForType(DefaultListableBeanFactory.java:421)
	at org.springframework.beans.factory.support.DefaultListableBeanFactory.getBeanNamesForType(DefaultListableBeanFactory.java:399)
	at org.springframework.beans.factory.BeanFactoryUtils.beanNamesForTypeIncludingAncestors(BeanFactoryUtils.java:222)
	at org.springframework.beans.factory.support.DefaultListableBeanFactory.findAutowireCandidates(DefaultListableBeanFactory.java:1271)
	at org.springframework.beans.factory.support.DefaultListableBeanFactory.doResolveDependency(DefaultListableBeanFactory.java:1096)
	at org.springframework.beans.factory.support.DefaultListableBeanFactory.resolveDependency(DefaultListableBeanFactory.java:1060)
	at org.springframework.context.annotation.CommonAnnotationBeanPostProcessor.autowireResource(CommonAnnotationBeanPostProcessor.java:506)
	at org.springframework.context.annotation.CommonAnnotationBeanPostProcessor.getResource(CommonAnnotationBeanPostProcessor.java:484)
	at org.springframework.context.annotation.CommonAnnotationBeanPostProcessor$ResourceElement.getResourceToInject(CommonAnnotationBeanPostProcessor.java:618)
	at org.springframework.beans.factory.annotation.InjectionMetadata$InjectedElement.inject(InjectionMetadata.java:177)
	at org.springframework.beans.factory.annotation.InjectionMetadata.inject(InjectionMetadata.java:91)
	at org.springframework.context.annotation.CommonAnnotationBeanPostProcessor.postProcessPropertyValues(CommonAnnotationBeanPostProcessor.java:318)
	... 15 more
Caused by: java.lang.ClassNotFoundException: com.alibaba.druid.pool.DruidDataSource
	at java.net.URLClassLoader.findClass(URLClassLoader.java:381)
	at java.lang.ClassLoader.loadClass(ClassLoader.java:424)
	at sun.misc.Launcher$AppClassLoader.loadClass(Launcher.java:331)
	at java.lang.ClassLoader.loadClass(ClassLoader.java:357)
	at org.springframework.util.ClassUtils.forName(ClassUtils.java:255)
	at org.springframework.beans.factory.support.AbstractBeanDefinition.resolveBeanClass(AbstractBeanDefinition.java:418)
	at org.springframework.beans.factory.support.AbstractBeanFactory.doResolveBeanClass(AbstractBeanFactory.java:1428)
	at org.springframework.beans.factory.support.AbstractBeanFactory.resolveBeanClass(AbstractBeanFactory.java:1372)
	... 30 more
Related cause:
org.springframework.beans.factory.CannotLoadBeanClassException: Cannot find class [com.alibaba.druid.pool.DruidDataSource] for bean with name 'dataSource' defined in file [D:\eclipse-workspace\mldndubbo\mldndubbo-provider-member\target\classes\META-INF\spring\spring-datasource.xml]; nested exception is java.lang.ClassNotFoundException: com.alibaba.druid.pool.DruidDataSource
	at org.springframework.beans.factory.support.AbstractBeanFactory.resolveBeanClass(AbstractBeanFactory.java:1380)
	at org.springframework.beans.factory.support.AbstractAutowireCapableBeanFactory.determineTargetType(AbstractAutowireCapableBeanFactory.java:670)
	at org.springframework.beans.factory.support.AbstractAutowireCapableBeanFactory.predictBeanType(AbstractAutowireCapableBeanFactory.java:637)
	at org.springframework.beans.factory.support.AbstractBeanFactory.isFactoryBean(AbstractBeanFactory.java:1489)
	at org.springframework.beans.factory.support.DefaultListableBeanFactory.doGetBeanNamesForType(DefaultListableBeanFactory.java:421)
	at org.springframework.beans.factory.support.DefaultListableBeanFactory.getBeanNamesForType(DefaultListableBeanFactory.java:391)
	at org.springframework.beans.factory.BeanFactoryUtils.beanNamesForTypeIncludingAncestors(BeanFactoryUtils.java:222)
	at org.springframework.aop.framework.autoproxy.BeanFactoryAdvisorRetrievalHelper.findAdvisorBeans(BeanFactoryAdvisorRetrievalHelper.java:75)
	at org.springframework.aop.framework.autoproxy.AbstractAdvisorAutoProxyCreator.findCandidateAdvisors(AbstractAdvisorAutoProxyCreator.java:107)
	at org.springframework.aop.aspectj.autoproxy.AspectJAwareAdvisorAutoProxyCreator.shouldSkip(AspectJAwareAdvisorAutoProxyCreator.java:103)
	at org.springframework.aop.framework.autoproxy.AbstractAutoProxyCreator.postProcessBeforeInstantiation(AbstractAutoProxyCreator.java:254)
	at org.springframework.beans.factory.support.AbstractAutowireCapableBeanFactory.applyBeanPostProcessorsBeforeInstantiation(AbstractAutowireCapableBeanFactory.java:1062)
	at org.springframework.beans.factory.support.AbstractAutowireCapableBeanFactory.resolveBeforeInstantiation(AbstractAutowireCapableBeanFactory.java:1035)
	at org.springframework.beans.factory.support.AbstractAutowireCapableBeanFactory.createBean(AbstractAutowireCapableBeanFactory.java:491)
	at org.springframework.beans.factory.support.AbstractBeanFactory.lambda$doGetBean$0(AbstractBeanFactory.java:312)
	at org.springframework.beans.factory.support.DefaultSingletonBeanRegistry.getSingleton(DefaultSingletonBeanRegistry.java:228)
	at org.springframework.beans.factory.support.AbstractBeanFactory.doGetBean(AbstractBeanFactory.java:310)
	at org.springframework.beans.factory.support.AbstractBeanFactory.getBean(AbstractBeanFactory.java:200)
	at org.springframework.beans.factory.support.DefaultListableBeanFactory.preInstantiateSingletons(DefaultListableBeanFactory.java:756)
	at org.springframework.context.support.AbstractApplicationContext.finishBeanFactoryInitialization(AbstractApplicationContext.java:868)
	at org.springframework.context.support.AbstractApplicationContext.refresh(AbstractApplicationContext.java:549)
	at org.springframework.context.support.ClassPathXmlApplicationContext.<init>(ClassPathXmlApplicationContext.java:144)
	at org.springframework.context.support.ClassPathXmlApplicationContext.<init>(ClassPathXmlApplicationContext.java:95)
	at com.alibaba.dubbo.container.spring.SpringContainer.start(SpringContainer.java:46)
	at com.alibaba.dubbo.container.Main.main(Main.java:86)
	at cn.mldn.mldndubbo.provider.main.StartServiceMain.main(StartServiceMain.java:7)
Caused by: java.lang.ClassNotFoundException: com.alibaba.druid.pool.DruidDataSource
	at java.net.URLClassLoader.findClass(URLClassLoader.java:381)
	at java.lang.ClassLoader.loadClass(ClassLoader.java:424)
	at sun.misc.Launcher$AppClassLoader.loadClass(Launcher.java:331)
	at java.lang.ClassLoader.loadClass(ClassLoader.java:357)
	at org.springframework.util.ClassUtils.forName(ClassUtils.java:255)
	at org.springframework.beans.factory.support.AbstractBeanDefinition.resolveBeanClass(AbstractBeanDefinition.java:418)
	at org.springframework.beans.factory.support.AbstractBeanFactory.doResolveBeanClass(AbstractBeanFactory.java:1428)
	at org.springframework.beans.factory.support.AbstractBeanFactory.resolveBeanClass(AbstractBeanFactory.java:1372)
	... 25 more
Related cause:
org.springframework.beans.factory.CannotLoadBeanClassException: Cannot find class [org.springframework.jdbc.datasource.DataSourceTransactionManager] for bean with name 'transactionManager' defined in file [D:\eclipse-workspace\mldndubbo\mldndubbo-provider-member\target\classes\META-INF\spring\spring-transaction.xml]; nested exception is java.lang.ClassNotFoundException: org.springframework.jdbc.datasource.DataSourceTransactionManager
	at org.springframework.beans.factory.support.AbstractBeanFactory.resolveBeanClass(AbstractBeanFactory.java:1380)
	at org.springframework.beans.factory.support.AbstractAutowireCapableBeanFactory.determineTargetType(AbstractAutowireCapableBeanFactory.java:670)
	at org.springframework.beans.factory.support.AbstractAutowireCapableBeanFactory.predictBeanType(AbstractAutowireCapableBeanFactory.java:637)
	at org.springframework.beans.factory.support.AbstractBeanFactory.isFactoryBean(AbstractBeanFactory.java:1489)
	at org.springframework.beans.factory.support.DefaultListableBeanFactory.doGetBeanNamesForType(DefaultListableBeanFactory.java:421)
	at org.springframework.beans.factory.support.DefaultListableBeanFactory.getBeanNamesForType(DefaultListableBeanFactory.java:391)
	at org.springframework.beans.factory.BeanFactoryUtils.beanNamesForTypeIncludingAncestors(BeanFactoryUtils.java:222)
	at org.springframework.aop.framework.autoproxy.BeanFactoryAdvisorRetrievalHelper.findAdvisorBeans(BeanFactoryAdvisorRetrievalHelper.java:75)
	at org.springframework.aop.framework.autoproxy.AbstractAdvisorAutoProxyCreator.findCandidateAdvisors(AbstractAdvisorAutoProxyCreator.java:107)
	at org.springframework.aop.aspectj.autoproxy.AspectJAwareAdvisorAutoProxyCreator.shouldSkip(AspectJAwareAdvisorAutoProxyCreator.java:103)
	at org.springframework.aop.framework.autoproxy.AbstractAutoProxyCreator.postProcessBeforeInstantiation(AbstractAutoProxyCreator.java:254)
	at org.springframework.beans.factory.support.AbstractAutowireCapableBeanFactory.applyBeanPostProcessorsBeforeInstantiation(AbstractAutowireCapableBeanFactory.java:1062)
	at org.springframework.beans.factory.support.AbstractAutowireCapableBeanFactory.resolveBeforeInstantiation(AbstractAutowireCapableBeanFactory.java:1035)
	at org.springframework.beans.factory.support.AbstractAutowireCapableBeanFactory.createBean(AbstractAutowireCapableBeanFactory.java:491)
	at org.springframework.beans.factory.support.AbstractBeanFactory.lambda$doGetBean$0(AbstractBeanFactory.java:312)
	at org.springframework.beans.factory.support.DefaultSingletonBeanRegistry.getSingleton(DefaultSingletonBeanRegistry.java:228)
	at org.springframework.beans.factory.support.AbstractBeanFactory.doGetBean(AbstractBeanFactory.java:310)
	at org.springframework.beans.factory.support.AbstractBeanFactory.getBean(AbstractBeanFactory.java:200)
	at org.springframework.beans.factory.support.DefaultListableBeanFactory.preInstantiateSingletons(DefaultListableBeanFactory.java:756)
	at org.springframework.context.support.AbstractApplicationContext.finishBeanFactoryInitialization(AbstractApplicationContext.java:868)
	at org.springframework.context.support.AbstractApplicationContext.refresh(AbstractApplicationContext.java:549)
	at org.springframework.context.support.ClassPathXmlApplicationContext.<init>(ClassPathXmlApplicationContext.java:144)
	at org.springframework.context.support.ClassPathXmlApplicationContext.<init>(ClassPathXmlApplicationContext.java:95)
	at com.alibaba.dubbo.container.spring.SpringContainer.start(SpringContainer.java:46)
	at com.alibaba.dubbo.container.Main.main(Main.java:86)
	at cn.mldn.mldndubbo.provider.main.StartServiceMain.main(StartServiceMain.java:7)
Caused by: java.lang.ClassNotFoundException: org.springframework.jdbc.datasource.DataSourceTransactionManager
	at java.net.URLClassLoader.findClass(URLClassLoader.java:381)
	at java.lang.ClassLoader.loadClass(ClassLoader.java:424)
	at sun.misc.Launcher$AppClassLoader.loadClass(Launcher.java:331)
	at java.lang.ClassLoader.loadClass(ClassLoader.java:357)
	at org.springframework.util.ClassUtils.forName(ClassUtils.java:255)
	at org.springframework.beans.factory.support.AbstractBeanDefinition.resolveBeanClass(AbstractBeanDefinition.java:418)
	at org.springframework.beans.factory.support.AbstractBeanFactory.doResolveBeanClass(AbstractBeanFactory.java:1428)
	at org.springframework.beans.factory.support.AbstractBeanFactory.resolveBeanClass(AbstractBeanFactory.java:1372)
	... 25 more
2017-10-30 14:54:27,933 INFO [com.alibaba.dubbo.common.logger.LoggerFactory] - using logger: com.alibaba.dubbo.common.logger.log4j.Log4jLoggerAdapter
2017-10-30 14:54:27,985 INFO [com.alibaba.dubbo.container.Main] -  [DUBBO] Use container type([spring]) to run dubbo serivce., dubbo version: 2.5.6, current host: 127.0.0.1
2017-10-30 14:54:28,971 ERROR [com.alibaba.dubbo.container.Main] -  [DUBBO] Error creating bean with name 'memberServiceFrontImpl': Injection of resource dependencies failed; nested exception is org.springframework.beans.factory.CannotLoadBeanClassException: Cannot find class [com.alibaba.druid.pool.DruidDataSource] for bean with name 'dataSource' defined in file [D:\eclipse-workspace\mldndubbo\mldndubbo-provider-member\target\classes\META-INF\spring\spring-datasource.xml]; nested exception is java.lang.ClassNotFoundException: com.alibaba.druid.pool.DruidDataSource, dubbo version: 2.5.6, current host: 127.0.0.1
org.springframework.beans.factory.BeanCreationException: Error creating bean with name 'memberServiceFrontImpl': Injection of resource dependencies failed; nested exception is org.springframework.beans.factory.CannotLoadBeanClassException: Cannot find class [com.alibaba.druid.pool.DruidDataSource] for bean with name 'dataSource' defined in file [D:\eclipse-workspace\mldndubbo\mldndubbo-provider-member\target\classes\META-INF\spring\spring-datasource.xml]; nested exception is java.lang.ClassNotFoundException: com.alibaba.druid.pool.DruidDataSource
Related cause: org.springframework.beans.factory.CannotLoadBeanClassException: Cannot find class [com.alibaba.druid.pool.DruidDataSource] for bean with name 'dataSource' defined in file [D:\eclipse-workspace\mldndubbo\mldndubbo-provider-member\target\classes\META-INF\spring\spring-datasource.xml]; nested exception is java.lang.ClassNotFoundException: com.alibaba.druid.pool.DruidDataSource
	at org.springframework.context.annotation.CommonAnnotationBeanPostProcessor.postProcessPropertyValues(CommonAnnotationBeanPostProcessor.java:321)
	at org.springframework.beans.factory.support.AbstractAutowireCapableBeanFactory.populateBean(AbstractAutowireCapableBeanFactory.java:1340)
	at org.springframework.beans.factory.support.AbstractAutowireCapableBeanFactory.doCreateBean(AbstractAutowireCapableBeanFactory.java:582)
	at org.springframework.beans.factory.support.AbstractAutowireCapableBeanFactory.createBean(AbstractAutowireCapableBeanFactory.java:502)
	at org.springframework.beans.factory.support.AbstractBeanFactory.lambda$doGetBean$0(AbstractBeanFactory.java:312)
	at org.springframework.beans.factory.support.DefaultSingletonBeanRegistry.getSingleton(DefaultSingletonBeanRegistry.java:228)
	at org.springframework.beans.factory.support.AbstractBeanFactory.doGetBean(AbstractBeanFactory.java:310)
	at org.springframework.beans.factory.support.AbstractBeanFactory.getBean(AbstractBeanFactory.java:200)
	at org.springframework.beans.factory.support.DefaultListableBeanFactory.preInstantiateSingletons(DefaultListableBeanFactory.java:756)
	at org.springframework.context.support.AbstractApplicationContext.finishBeanFactoryInitialization(AbstractApplicationContext.java:868)
	at org.springframework.context.support.AbstractApplicationContext.refresh(AbstractApplicationContext.java:549)
	at org.springframework.context.support.ClassPathXmlApplicationContext.<init>(ClassPathXmlApplicationContext.java:144)
	at org.springframework.context.support.ClassPathXmlApplicationContext.<init>(ClassPathXmlApplicationContext.java:95)
	at com.alibaba.dubbo.container.spring.SpringContainer.start(SpringContainer.java:46)
	at com.alibaba.dubbo.container.Main.main(Main.java:86)
	at cn.mldn.mldndubbo.provider.main.StartServiceMain.main(StartServiceMain.java:7)
Caused by: org.springframework.beans.factory.CannotLoadBeanClassException: Cannot find class [com.alibaba.druid.pool.DruidDataSource] for bean with name 'dataSource' defined in file [D:\eclipse-workspace\mldndubbo\mldndubbo-provider-member\target\classes\META-INF\spring\spring-datasource.xml]; nested exception is java.lang.ClassNotFoundException: com.alibaba.druid.pool.DruidDataSource
	at org.springframework.beans.factory.support.AbstractBeanFactory.resolveBeanClass(AbstractBeanFactory.java:1380)
	at org.springframework.beans.factory.support.AbstractAutowireCapableBeanFactory.determineTargetType(AbstractAutowireCapableBeanFactory.java:670)
	at org.springframework.beans.factory.support.AbstractAutowireCapableBeanFactory.predictBeanType(AbstractAutowireCapableBeanFactory.java:637)
	at org.springframework.beans.factory.support.AbstractBeanFactory.isFactoryBean(AbstractBeanFactory.java:1489)
	at org.springframework.beans.factory.support.DefaultListableBeanFactory.doGetBeanNamesForType(DefaultListableBeanFactory.java:421)
	at org.springframework.beans.factory.support.DefaultListableBeanFactory.getBeanNamesForType(DefaultListableBeanFactory.java:399)
	at org.springframework.beans.factory.BeanFactoryUtils.beanNamesForTypeIncludingAncestors(BeanFactoryUtils.java:222)
	at org.springframework.beans.factory.support.DefaultListableBeanFactory.findAutowireCandidates(DefaultListableBeanFactory.java:1271)
	at org.springframework.beans.factory.support.DefaultListableBeanFactory.doResolveDependency(DefaultListableBeanFactory.java:1096)
	at org.springframework.beans.factory.support.DefaultListableBeanFactory.resolveDependency(DefaultListableBeanFactory.java:1060)
	at org.springframework.context.annotation.CommonAnnotationBeanPostProcessor.autowireResource(CommonAnnotationBeanPostProcessor.java:506)
	at org.springframework.context.annotation.CommonAnnotationBeanPostProcessor.getResource(CommonAnnotationBeanPostProcessor.java:484)
	at org.springframework.context.annotation.CommonAnnotationBeanPostProcessor$ResourceElement.getResourceToInject(CommonAnnotationBeanPostProcessor.java:618)
	at org.springframework.beans.factory.annotation.InjectionMetadata$InjectedElement.inject(InjectionMetadata.java:177)
	at org.springframework.beans.factory.annotation.InjectionMetadata.inject(InjectionMetadata.java:91)
	at org.springframework.context.annotation.CommonAnnotationBeanPostProcessor.postProcessPropertyValues(CommonAnnotationBeanPostProcessor.java:318)
	... 15 more
Caused by: java.lang.ClassNotFoundException: com.alibaba.druid.pool.DruidDataSource
	at java.net.URLClassLoader.findClass(URLClassLoader.java:381)
	at java.lang.ClassLoader.loadClass(ClassLoader.java:424)
	at sun.misc.Launcher$AppClassLoader.loadClass(Launcher.java:331)
	at java.lang.ClassLoader.loadClass(ClassLoader.java:357)
	at org.springframework.util.ClassUtils.forName(ClassUtils.java:255)
	at org.springframework.beans.factory.support.AbstractBeanDefinition.resolveBeanClass(AbstractBeanDefinition.java:418)
	at org.springframework.beans.factory.support.AbstractBeanFactory.doResolveBeanClass(AbstractBeanFactory.java:1428)
	at org.springframework.beans.factory.support.AbstractBeanFactory.resolveBeanClass(AbstractBeanFactory.java:1372)
	... 30 more
Related cause:
org.springframework.beans.factory.CannotLoadBeanClassException: Cannot find class [com.alibaba.druid.pool.DruidDataSource] for bean with name 'dataSource' defined in file [D:\eclipse-workspace\mldndubbo\mldndubbo-provider-member\target\classes\META-INF\spring\spring-datasource.xml]; nested exception is java.lang.ClassNotFoundException: com.alibaba.druid.pool.DruidDataSource
	at org.springframework.beans.factory.support.AbstractBeanFactory.resolveBeanClass(AbstractBeanFactory.java:1380)
	at org.springframework.beans.factory.support.AbstractAutowireCapableBeanFactory.determineTargetType(AbstractAutowireCapableBeanFactory.java:670)
	at org.springframework.beans.factory.support.AbstractAutowireCapableBeanFactory.predictBeanType(AbstractAutowireCapableBeanFactory.java:637)
	at org.springframework.beans.factory.support.AbstractBeanFactory.isFactoryBean(AbstractBeanFactory.java:1489)
	at org.springframework.beans.factory.support.DefaultListableBeanFactory.doGetBeanNamesForType(DefaultListableBeanFactory.java:421)
	at org.springframework.beans.factory.support.DefaultListableBeanFactory.getBeanNamesForType(DefaultListableBeanFactory.java:391)
	at org.springframework.beans.factory.BeanFactoryUtils.beanNamesForTypeIncludingAncestors(BeanFactoryUtils.java:222)
	at org.springframework.aop.framework.autoproxy.BeanFactoryAdvisorRetrievalHelper.findAdvisorBeans(BeanFactoryAdvisorRetrievalHelper.java:75)
	at org.springframework.aop.framework.autoproxy.AbstractAdvisorAutoProxyCreator.findCandidateAdvisors(AbstractAdvisorAutoProxyCreator.java:107)
	at org.springframework.aop.aspectj.autoproxy.AspectJAwareAdvisorAutoProxyCreator.shouldSkip(AspectJAwareAdvisorAutoProxyCreator.java:103)
	at org.springframework.aop.framework.autoproxy.AbstractAutoProxyCreator.postProcessBeforeInstantiation(AbstractAutoProxyCreator.java:254)
	at org.springframework.beans.factory.support.AbstractAutowireCapableBeanFactory.applyBeanPostProcessorsBeforeInstantiation(AbstractAutowireCapableBeanFactory.java:1062)
	at org.springframework.beans.factory.support.AbstractAutowireCapableBeanFactory.resolveBeforeInstantiation(AbstractAutowireCapableBeanFactory.java:1035)
	at org.springframework.beans.factory.support.AbstractAutowireCapableBeanFactory.createBean(AbstractAutowireCapableBeanFactory.java:491)
	at org.springframework.beans.factory.support.AbstractBeanFactory.lambda$doGetBean$0(AbstractBeanFactory.java:312)
	at org.springframework.beans.factory.support.DefaultSingletonBeanRegistry.getSingleton(DefaultSingletonBeanRegistry.java:228)
	at org.springframework.beans.factory.support.AbstractBeanFactory.doGetBean(AbstractBeanFactory.java:310)
	at org.springframework.beans.factory.support.AbstractBeanFactory.getBean(AbstractBeanFactory.java:200)
	at org.springframework.beans.factory.support.DefaultListableBeanFactory.preInstantiateSingletons(DefaultListableBeanFactory.java:756)
	at org.springframework.context.support.AbstractApplicationContext.finishBeanFactoryInitialization(AbstractApplicationContext.java:868)
	at org.springframework.context.support.AbstractApplicationContext.refresh(AbstractApplicationContext.java:549)
	at org.springframework.context.support.ClassPathXmlApplicationContext.<init>(ClassPathXmlApplicationContext.java:144)
	at org.springframework.context.support.ClassPathXmlApplicationContext.<init>(ClassPathXmlApplicationContext.java:95)
	at com.alibaba.dubbo.container.spring.SpringContainer.start(SpringContainer.java:46)
	at com.alibaba.dubbo.container.Main.main(Main.java:86)
	at cn.mldn.mldndubbo.provider.main.StartServiceMain.main(StartServiceMain.java:7)
Caused by: java.lang.ClassNotFoundException: com.alibaba.druid.pool.DruidDataSource
	at java.net.URLClassLoader.findClass(URLClassLoader.java:381)
	at java.lang.ClassLoader.loadClass(ClassLoader.java:424)
	at sun.misc.Launcher$AppClassLoader.loadClass(Launcher.java:331)
	at java.lang.ClassLoader.loadClass(ClassLoader.java:357)
	at org.springframework.util.ClassUtils.forName(ClassUtils.java:255)
	at org.springframework.beans.factory.support.AbstractBeanDefinition.resolveBeanClass(AbstractBeanDefinition.java:418)
	at org.springframework.beans.factory.support.AbstractBeanFactory.doResolveBeanClass(AbstractBeanFactory.java:1428)
	at org.springframework.beans.factory.support.AbstractBeanFactory.resolveBeanClass(AbstractBeanFactory.java:1372)
	... 25 more
2017-10-30 14:55:34,601 INFO [com.alibaba.dubbo.common.logger.LoggerFactory] - using logger: com.alibaba.dubbo.common.logger.log4j.Log4jLoggerAdapter
2017-10-30 14:55:34,657 INFO [com.alibaba.dubbo.container.Main] -  [DUBBO] Use container type([spring]) to run dubbo serivce., dubbo version: 2.5.6, current host: 127.0.0.1
2017-10-30 14:55:37,168 ERROR [com.alibaba.dubbo.container.Main] -  [DUBBO] Error creating bean with name 'cn.mldn.mldndubbo.service.IMemberService': Cannot resolve reference to bean 'memberServiceImpl' while setting bean property 'ref'; nested exception is org.springframework.beans.factory.NoSuchBeanDefinitionException: No bean named 'memberServiceImpl' available, dubbo version: 2.5.6, current host: 127.0.0.1
org.springframework.beans.factory.BeanCreationException: Error creating bean with name 'cn.mldn.mldndubbo.service.IMemberService': Cannot resolve reference to bean 'memberServiceImpl' while setting bean property 'ref'; nested exception is org.springframework.beans.factory.NoSuchBeanDefinitionException: No bean named 'memberServiceImpl' available
	at org.springframework.beans.factory.support.BeanDefinitionValueResolver.resolveReference(BeanDefinitionValueResolver.java:378)
	at org.springframework.beans.factory.support.BeanDefinitionValueResolver.resolveValueIfNecessary(BeanDefinitionValueResolver.java:110)
	at org.springframework.beans.factory.support.AbstractAutowireCapableBeanFactory.applyPropertyValues(AbstractAutowireCapableBeanFactory.java:1607)
	at org.springframework.beans.factory.support.AbstractAutowireCapableBeanFactory.populateBean(AbstractAutowireCapableBeanFactory.java:1352)
	at org.springframework.beans.factory.support.AbstractAutowireCapableBeanFactory.doCreateBean(AbstractAutowireCapableBeanFactory.java:582)
	at org.springframework.beans.factory.support.AbstractAutowireCapableBeanFactory.createBean(AbstractAutowireCapableBeanFactory.java:502)
	at org.springframework.beans.factory.support.AbstractBeanFactory.lambda$doGetBean$0(AbstractBeanFactory.java:312)
	at org.springframework.beans.factory.support.DefaultSingletonBeanRegistry.getSingleton(DefaultSingletonBeanRegistry.java:228)
	at org.springframework.beans.factory.support.AbstractBeanFactory.doGetBean(AbstractBeanFactory.java:310)
	at org.springframework.beans.factory.support.AbstractBeanFactory.getBean(AbstractBeanFactory.java:200)
	at org.springframework.beans.factory.support.DefaultListableBeanFactory.preInstantiateSingletons(DefaultListableBeanFactory.java:756)
	at org.springframework.context.support.AbstractApplicationContext.finishBeanFactoryInitialization(AbstractApplicationContext.java:868)
	at org.springframework.context.support.AbstractApplicationContext.refresh(AbstractApplicationContext.java:549)
	at org.springframework.context.support.ClassPathXmlApplicationContext.<init>(ClassPathXmlApplicationContext.java:144)
	at org.springframework.context.support.ClassPathXmlApplicationContext.<init>(ClassPathXmlApplicationContext.java:95)
	at com.alibaba.dubbo.container.spring.SpringContainer.start(SpringContainer.java:46)
	at com.alibaba.dubbo.container.Main.main(Main.java:86)
	at cn.mldn.mldndubbo.provider.main.StartMemberServiceMain.main(StartMemberServiceMain.java:7)
Caused by: org.springframework.beans.factory.NoSuchBeanDefinitionException: No bean named 'memberServiceImpl' available
	at org.springframework.beans.factory.support.DefaultListableBeanFactory.getBeanDefinition(DefaultListableBeanFactory.java:685)
	at org.springframework.beans.factory.support.AbstractBeanFactory.getMergedLocalBeanDefinition(AbstractBeanFactory.java:1205)
	at org.springframework.beans.factory.support.AbstractBeanFactory.doGetBean(AbstractBeanFactory.java:292)
	at org.springframework.beans.factory.support.AbstractBeanFactory.getBean(AbstractBeanFactory.java:200)
	at org.springframework.beans.factory.support.BeanDefinitionValueResolver.resolveReference(BeanDefinitionValueResolver.java:367)
	... 17 more
2017-10-30 14:55:37,171 INFO [com.alibaba.dubbo.config.AbstractConfig] -  [DUBBO] Run shutdown hook now., dubbo version: 2.5.6, current host: 127.0.0.1
2017-10-30 14:55:37,172 INFO [com.alibaba.dubbo.registry.support.AbstractRegistryFactory] -  [DUBBO] Close all registries [], dubbo version: 2.5.6, current host: 127.0.0.1
2017-10-30 14:56:10,553 INFO [com.alibaba.dubbo.common.logger.LoggerFactory] - using logger: com.alibaba.dubbo.common.logger.log4j.Log4jLoggerAdapter
2017-10-30 14:56:10,607 INFO [com.alibaba.dubbo.container.Main] -  [DUBBO] Use container type([spring]) to run dubbo serivce., dubbo version: 2.5.6, current host: 127.0.0.1
2017-10-30 14:56:12,874 INFO [com.alibaba.dubbo.config.AbstractConfig] -  [DUBBO] The service ready on spring started. service: cn.mldn.mldndubbo.service.IMemberService, dubbo version: 2.5.6, current host: 127.0.0.1
2017-10-30 14:56:12,973 INFO [com.alibaba.dubbo.config.AbstractConfig] -  [DUBBO] Export dubbo service cn.mldn.mldndubbo.service.IMemberService to local registry, dubbo version: 2.5.6, current host: 127.0.0.1
2017-10-30 14:56:12,973 INFO [com.alibaba.dubbo.config.AbstractConfig] -  [DUBBO] Export dubbo service cn.mldn.mldndubbo.service.IMemberService to url dubbo://192.168.28.87:9329/cn.mldn.mldndubbo.service.IMemberService?anyhost=true&application=mldn-service&default.dispatcher=all&default.threadpool=fixed&default.threads=64&default.timeout=10000000&default.token=true&dubbo=2.5.6&generic=false&interface=cn.mldn.mldndubbo.service.IMemberService&methods=getRoleAndActionByMember,get&pid=6604&revision=dev&side=provider&timestamp=1509346572888&version=dev, dubbo version: 2.5.6, current host: 127.0.0.1
2017-10-30 14:56:12,974 INFO [com.alibaba.dubbo.config.AbstractConfig] -  [DUBBO] Register dubbo service cn.mldn.mldndubbo.service.IMemberService url dubbo://192.168.28.87:9329/cn.mldn.mldndubbo.service.IMemberService?anyhost=true&application=mldn-service&default.dispatcher=all&default.threadpool=fixed&default.threads=64&default.timeout=10000000&default.token=true&dubbo=2.5.6&generic=false&interface=cn.mldn.mldndubbo.service.IMemberService&methods=getRoleAndActionByMember,get&monitor=dubbo%3A%2F%2F192.168.68.135%3A7070%3Fdubbo%3D2.5.6%26interface%3Dcom.alibaba.dubbo.monitor.MonitorService%26pid%3D6604%26timestamp%3D1509346572973&pid=6604&revision=dev&side=provider&timestamp=1509346572888&version=dev to registry registry://192.168.31.247:2181/com.alibaba.dubbo.registry.RegistryService?application=mldn-service&dubbo=2.5.6&file=/usr/data/dubbo/dubbo-registry.properties&pid=6604&registry=zookeeper&timestamp=1509346572880, dubbo version: 2.5.6, current host: 127.0.0.1
2017-10-30 14:56:13,105 INFO [com.alibaba.dubbo.remoting.transport.AbstractServer] -  [DUBBO] Start NettyServer bind /0.0.0.0:9329, export /192.168.28.87:9329, dubbo version: 2.5.6, current host: 127.0.0.1
2017-10-30 14:56:13,121 INFO [com.alibaba.dubbo.registry.zookeeper.ZookeeperRegistry] -  [DUBBO] Load registry store file \usr\data\dubbo\dubbo-registry.properties, data: {cn.mldn.mldndubbo.service.IMessageService:dev=override://0.0.0.0/cn.mldn.mldndubbo.service.IMessageService?category=configurators&dynamic=false&echo.loadbalance=random&enabled=true&version=dev, cn.mldn.mldndubbo.service.IDeptService:dev=empty://192.168.28.87:9329/cn.mldn.mldndubbo.service.IDeptService?anyhost=true&application=mldn-service&category=configurators&check=false&default.dispatcher=all&default.threadpool=fixed&default.threads=64&default.timeout=10000000&default.token=true&dubbo=2.5.6&generic=false&interface=cn.mldn.mldndubbo.service.IDeptService&methods=add,get,list&pid=6560&revision=dev&side=provider&timestamp=1509344401587&version=dev}, dubbo version: 2.5.6, current host: 127.0.0.1
2017-10-30 14:56:13,189 INFO [com.alibaba.dubbo.registry.zookeeper.ZookeeperRegistry] -  [DUBBO] Register: dubbo://192.168.28.87:9329/cn.mldn.mldndubbo.service.IMemberService?anyhost=true&application=mldn-service&default.dispatcher=all&default.threadpool=fixed&default.threads=64&default.timeout=10000000&default.token=true&dubbo=2.5.6&generic=false&interface=cn.mldn.mldndubbo.service.IMemberService&methods=getRoleAndActionByMember,get&pid=6604&revision=dev&side=provider&timestamp=1509346572888&version=dev, dubbo version: 2.5.6, current host: 127.0.0.1
2017-10-30 14:56:13,270 INFO [com.alibaba.dubbo.registry.zookeeper.ZookeeperRegistry] -  [DUBBO] Subscribe: provider://192.168.28.87:9329/cn.mldn.mldndubbo.service.IMemberService?anyhost=true&application=mldn-service&category=configurators&check=false&default.dispatcher=all&default.threadpool=fixed&default.threads=64&default.timeout=10000000&default.token=true&dubbo=2.5.6&generic=false&interface=cn.mldn.mldndubbo.service.IMemberService&methods=getRoleAndActionByMember,get&pid=6604&revision=dev&side=provider&timestamp=1509346572888&version=dev, dubbo version: 2.5.6, current host: 127.0.0.1
2017-10-30 14:56:13,346 INFO [com.alibaba.dubbo.registry.zookeeper.ZookeeperRegistry] -  [DUBBO] Notify urls for subscribe url provider://192.168.28.87:9329/cn.mldn.mldndubbo.service.IMemberService?anyhost=true&application=mldn-service&category=configurators&check=false&default.dispatcher=all&default.threadpool=fixed&default.threads=64&default.timeout=10000000&default.token=true&dubbo=2.5.6&generic=false&interface=cn.mldn.mldndubbo.service.IMemberService&methods=getRoleAndActionByMember,get&pid=6604&revision=dev&side=provider&timestamp=1509346572888&version=dev, urls: [empty://192.168.28.87:9329/cn.mldn.mldndubbo.service.IMemberService?anyhost=true&application=mldn-service&category=configurators&check=false&default.dispatcher=all&default.threadpool=fixed&default.threads=64&default.timeout=10000000&default.token=true&dubbo=2.5.6&generic=false&interface=cn.mldn.mldndubbo.service.IMemberService&methods=getRoleAndActionByMember,get&pid=6604&revision=dev&side=provider&timestamp=1509346572888&version=dev], dubbo version: 2.5.6, current host: 127.0.0.1
2017-10-30 14:56:13,377 INFO [com.alibaba.dubbo.container.Main] -  [DUBBO] Dubbo SpringContainer started!, dubbo version: 2.5.6, current host: 127.0.0.1
2017-10-30 14:58:11,459 WARN [com.alibaba.dubbo.remoting.transport.AbstractClient] -  [DUBBO] Failed to start NettyClient mldn-pc/192.168.28.87 connect to the server /192.168.68.135:7070 (check == false, ignore and retry later!), cause: client(url: dubbo://192.168.68.135:7070/com.alibaba.dubbo.monitor.MonitorService?check=false&cluster=failsafe&codec=dubbo&dubbo=2.5.6&heartbeat=60000&interface=com.alibaba.dubbo.monitor.MonitorService&pid=6604&reference.filter=-monitor&timestamp=1509346572973) failed to connect to server /192.168.68.135:7070, error message is:connection timed out, dubbo version: 2.5.6, current host: 192.168.28.87
com.alibaba.dubbo.remoting.RemotingException: client(url: dubbo://192.168.68.135:7070/com.alibaba.dubbo.monitor.MonitorService?check=false&cluster=failsafe&codec=dubbo&dubbo=2.5.6&heartbeat=60000&interface=com.alibaba.dubbo.monitor.MonitorService&pid=6604&reference.filter=-monitor&timestamp=1509346572973) failed to connect to server /192.168.68.135:7070, error message is:connection timed out
	at com.alibaba.dubbo.remoting.transport.netty.NettyClient.doConnect(NettyClient.java:125)
	at com.alibaba.dubbo.remoting.transport.AbstractClient.connect(AbstractClient.java:268)
	at com.alibaba.dubbo.remoting.transport.AbstractClient.<init>(AbstractClient.java:91)
	at com.alibaba.dubbo.remoting.transport.netty.NettyClient.<init>(NettyClient.java:61)
	at com.alibaba.dubbo.remoting.transport.netty.NettyTransporter.connect(NettyTransporter.java:37)
	at com.alibaba.dubbo.remoting.Transporter$Adaptive.connect(Transporter$Adaptive.java)
	at com.alibaba.dubbo.remoting.Transporters.connect(Transporters.java:76)
	at com.alibaba.dubbo.remoting.exchange.support.header.HeaderExchanger.connect(HeaderExchanger.java:37)
	at com.alibaba.dubbo.remoting.exchange.Exchangers.connect(Exchangers.java:110)
	at com.alibaba.dubbo.rpc.protocol.dubbo.DubboProtocol.initClient(DubboProtocol.java:368)
	at com.alibaba.dubbo.rpc.protocol.dubbo.DubboProtocol.getSharedClient(DubboProtocol.java:334)
	at com.alibaba.dubbo.rpc.protocol.dubbo.DubboProtocol.getClients(DubboProtocol.java:311)
	at com.alibaba.dubbo.rpc.protocol.dubbo.DubboProtocol.refer(DubboProtocol.java:293)
	at com.alibaba.dubbo.rpc.protocol.ProtocolFilterWrapper.refer(ProtocolFilterWrapper.java:101)
	at com.alibaba.dubbo.rpc.protocol.ProtocolListenerWrapper.refer(ProtocolListenerWrapper.java:65)
	at com.alibaba.dubbo.rpc.Protocol$Adaptive.refer(Protocol$Adaptive.java)
	at com.alibaba.dubbo.monitor.dubbo.DubboMonitorFactroy.createMonitor(DubboMonitorFactroy.java:60)
	at com.alibaba.dubbo.monitor.support.AbstractMonitorFactory.getMonitor(AbstractMonitorFactory.java:56)
	at com.alibaba.dubbo.monitor.MonitorFactory$Adaptive.getMonitor(MonitorFactory$Adaptive.java)
	at com.alibaba.dubbo.monitor.support.MonitorFilter.collect(MonitorFilter.java:89)
	at com.alibaba.dubbo.monitor.support.MonitorFilter.invoke(MonitorFilter.java:66)
	at com.alibaba.dubbo.rpc.protocol.ProtocolFilterWrapper$1.invoke(ProtocolFilterWrapper.java:69)
	at com.alibaba.dubbo.rpc.filter.TimeoutFilter.invoke(TimeoutFilter.java:42)
	at com.alibaba.dubbo.rpc.protocol.ProtocolFilterWrapper$1.invoke(ProtocolFilterWrapper.java:69)
	at com.alibaba.dubbo.rpc.filter.TokenFilter.invoke(TokenFilter.java:49)
	at com.alibaba.dubbo.rpc.protocol.ProtocolFilterWrapper$1.invoke(ProtocolFilterWrapper.java:69)
	at com.alibaba.dubbo.rpc.protocol.dubbo.filter.TraceFilter.invoke(TraceFilter.java:78)
	at com.alibaba.dubbo.rpc.protocol.ProtocolFilterWrapper$1.invoke(ProtocolFilterWrapper.java:69)
	at com.alibaba.dubbo.rpc.filter.ContextFilter.invoke(ContextFilter.java:61)
	at com.alibaba.dubbo.rpc.protocol.ProtocolFilterWrapper$1.invoke(ProtocolFilterWrapper.java:69)
	at com.alibaba.dubbo.rpc.filter.GenericFilter.invoke(GenericFilter.java:132)
	at com.alibaba.dubbo.rpc.protocol.ProtocolFilterWrapper$1.invoke(ProtocolFilterWrapper.java:69)
	at com.alibaba.dubbo.rpc.filter.ClassLoaderFilter.invoke(ClassLoaderFilter.java:38)
	at com.alibaba.dubbo.rpc.protocol.ProtocolFilterWrapper$1.invoke(ProtocolFilterWrapper.java:69)
	at com.alibaba.dubbo.rpc.filter.EchoFilter.invoke(EchoFilter.java:38)
	at com.alibaba.dubbo.rpc.protocol.ProtocolFilterWrapper$1.invoke(ProtocolFilterWrapper.java:69)
	at com.alibaba.dubbo.rpc.protocol.dubbo.DubboProtocol$1.reply(DubboProtocol.java:100)
	at com.alibaba.dubbo.remoting.exchange.support.header.HeaderExchangeHandler.handleRequest(HeaderExchangeHandler.java:98)
	at com.alibaba.dubbo.remoting.exchange.support.header.HeaderExchangeHandler.received(HeaderExchangeHandler.java:170)
	at com.alibaba.dubbo.remoting.transport.DecodeHandler.received(DecodeHandler.java:52)
	at com.alibaba.dubbo.remoting.transport.dispatcher.ChannelEventRunnable.run(ChannelEventRunnable.java:81)
	at java.util.concurrent.ThreadPoolExecutor.runWorker(ThreadPoolExecutor.java:1142)
	at java.util.concurrent.ThreadPoolExecutor$Worker.run(ThreadPoolExecutor.java:617)
	at java.lang.Thread.run(Thread.java:745)
Caused by: java.net.ConnectException: connection timed out
	at org.jboss.netty.channel.socket.nio.NioClientSocketPipelineSink$Boss.processConnectTimeout(NioClientSocketPipelineSink.java:371)
	at org.jboss.netty.channel.socket.nio.NioClientSocketPipelineSink$Boss.run(NioClientSocketPipelineSink.java:283)
	... 3 more
2017-10-30 14:58:11,554 WARN [com.alibaba.dubbo.remoting.transport.AbstractServer] -  [DUBBO] All clients has discontected from /192.168.28.87:9329. You can graceful shutdown now., dubbo version: 2.5.6, current host: 192.168.28.87
2017-10-30 14:58:11,555 INFO [com.alibaba.dubbo.rpc.protocol.dubbo.DubboProtocol] -  [DUBBO] disconected from /192.168.28.87:2688,url:dubbo://192.168.28.87:9329/cn.mldn.mldndubbo.service.IMemberService?anyhost=true&application=mldn-service&channel.readonly.sent=true&codec=dubbo&default.dispatcher=all&default.threadpool=fixed&default.threads=64&default.timeout=10000000&default.token=true&dubbo=2.5.6&generic=false&heartbeat=60000&interface=cn.mldn.mldndubbo.service.IMemberService&methods=getRoleAndActionByMember,get&monitor=dubbo%3A%2F%2F192.168.68.135%3A7070%3Fdubbo%3D2.5.6%26interface%3Dcom.alibaba.dubbo.monitor.MonitorService%26pid%3D6604%26timestamp%3D1509346572973&pid=6604&revision=dev&side=provider&timestamp=1509346572888&version=dev, dubbo version: 2.5.6, current host: 192.168.28.87
2017-10-30 14:58:13,453 WARN [com.alibaba.dubbo.remoting.transport.AbstractClient] -  [DUBBO] client reconnect to 192.168.68.135:7070 find error . url: dubbo://192.168.68.135:7070/com.alibaba.dubbo.monitor.MonitorService?check=false&cluster=failsafe&codec=dubbo&dubbo=2.5.6&heartbeat=60000&interface=com.alibaba.dubbo.monitor.MonitorService&pid=6604&reference.filter=-monitor&timestamp=1509346572973, dubbo version: 2.5.6, current host: 192.168.28.87
com.alibaba.dubbo.remoting.RemotingException: client(url: dubbo://192.168.68.135:7070/com.alibaba.dubbo.monitor.MonitorService?check=false&cluster=failsafe&codec=dubbo&dubbo=2.5.6&heartbeat=60000&interface=com.alibaba.dubbo.monitor.MonitorService&pid=6604&reference.filter=-monitor&timestamp=1509346572973) failed to connect to server /192.168.68.135:7070, error message is:connection timed out
	at com.alibaba.dubbo.remoting.transport.netty.NettyClient.doConnect(NettyClient.java:125)
	at com.alibaba.dubbo.remoting.transport.AbstractClient.connect(AbstractClient.java:268)
	at com.alibaba.dubbo.remoting.transport.AbstractClient$1.run(AbstractClient.java:157)
	at java.util.concurrent.Executors$RunnableAdapter.call(Executors.java:511)
	at java.util.concurrent.FutureTask.runAndReset(FutureTask.java:308)
	at java.util.concurrent.ScheduledThreadPoolExecutor$ScheduledFutureTask.access$301(ScheduledThreadPoolExecutor.java:180)
	at java.util.concurrent.ScheduledThreadPoolExecutor$ScheduledFutureTask.run(ScheduledThreadPoolExecutor.java:294)
	at java.util.concurrent.ThreadPoolExecutor.runWorker(ThreadPoolExecutor.java:1142)
	at java.util.concurrent.ThreadPoolExecutor$Worker.run(ThreadPoolExecutor.java:617)
	at java.lang.Thread.run(Thread.java:745)
Caused by: java.net.ConnectException: connection timed out
	at org.jboss.netty.channel.socket.nio.NioClientSocketPipelineSink$Boss.processConnectTimeout(NioClientSocketPipelineSink.java:371)
	at org.jboss.netty.channel.socket.nio.NioClientSocketPipelineSink$Boss.run(NioClientSocketPipelineSink.java:283)
	... 3 more
2017-10-30 14:59:11,487 INFO [com.alibaba.dubbo.monitor.dubbo.DubboMonitor] -  [DUBBO] Send statistics to monitor dubbo://192.168.68.135:7070/com.alibaba.dubbo.monitor.MonitorService?check=false&cluster=failsafe&dubbo=2.5.6&interface=com.alibaba.dubbo.monitor.MonitorService&pid=6604&reference.filter=-monitor&timestamp=1509346572973, dubbo version: 2.5.6, current host: 192.168.28.87
2017-10-30 14:59:11,495 ERROR [com.alibaba.dubbo.monitor.dubbo.DubboMonitor] -  [DUBBO] Unexpected error occur at send statistic, cause: Failed to invoke remote method: collect, provider: dubbo://192.168.68.135:7070/com.alibaba.dubbo.monitor.MonitorService?check=false&cluster=failsafe&dubbo=2.5.6&interface=com.alibaba.dubbo.monitor.MonitorService&pid=6604&reference.filter=-monitor&timestamp=1509346572973, cause: message can not send, because channel is closed . url:dubbo://192.168.68.135:7070/com.alibaba.dubbo.monitor.MonitorService?check=false&cluster=failsafe&codec=dubbo&dubbo=2.5.6&heartbeat=60000&interface=com.alibaba.dubbo.monitor.MonitorService&pid=6604&reference.filter=-monitor&timestamp=1509346572973, dubbo version: 2.5.6, current host: 192.168.28.87
com.alibaba.dubbo.rpc.RpcException: Failed to invoke remote method: collect, provider: dubbo://192.168.68.135:7070/com.alibaba.dubbo.monitor.MonitorService?check=false&cluster=failsafe&dubbo=2.5.6&interface=com.alibaba.dubbo.monitor.MonitorService&pid=6604&reference.filter=-monitor&timestamp=1509346572973, cause: message can not send, because channel is closed . url:dubbo://192.168.68.135:7070/com.alibaba.dubbo.monitor.MonitorService?check=false&cluster=failsafe&codec=dubbo&dubbo=2.5.6&heartbeat=60000&interface=com.alibaba.dubbo.monitor.MonitorService&pid=6604&reference.filter=-monitor&timestamp=1509346572973
	at com.alibaba.dubbo.rpc.protocol.dubbo.DubboInvoker.doInvoke(DubboInvoker.java:102)
	at com.alibaba.dubbo.rpc.protocol.AbstractInvoker.invoke(AbstractInvoker.java:144)
	at com.alibaba.dubbo.rpc.protocol.dubbo.filter.FutureFilter.invoke(FutureFilter.java:54)
	at com.alibaba.dubbo.rpc.protocol.ProtocolFilterWrapper$1.invoke(ProtocolFilterWrapper.java:69)
	at com.alibaba.dubbo.rpc.filter.ConsumerContextFilter.invoke(ConsumerContextFilter.java:48)
	at com.alibaba.dubbo.rpc.protocol.ProtocolFilterWrapper$1.invoke(ProtocolFilterWrapper.java:69)
	at com.alibaba.dubbo.rpc.listener.ListenerInvokerWrapper.invoke(ListenerInvokerWrapper.java:74)
	at com.alibaba.dubbo.rpc.proxy.InvokerInvocationHandler.invoke(InvokerInvocationHandler.java:52)
	at com.alibaba.dubbo.common.bytecode.proxy0.collect(proxy0.java)
	at com.alibaba.dubbo.monitor.dubbo.DubboMonitor.send(DubboMonitor.java:113)
	at com.alibaba.dubbo.monitor.dubbo.DubboMonitor$1.run(DubboMonitor.java:70)
	at java.util.concurrent.Executors$RunnableAdapter.call(Executors.java:511)
	at java.util.concurrent.FutureTask.runAndReset(FutureTask.java:308)
	at java.util.concurrent.ScheduledThreadPoolExecutor$ScheduledFutureTask.access$301(ScheduledThreadPoolExecutor.java:180)
	at java.util.concurrent.ScheduledThreadPoolExecutor$ScheduledFutureTask.run(ScheduledThreadPoolExecutor.java:294)
	at java.util.concurrent.ThreadPoolExecutor.runWorker(ThreadPoolExecutor.java:1142)
	at java.util.concurrent.ThreadPoolExecutor$Worker.run(ThreadPoolExecutor.java:617)
	at java.lang.Thread.run(Thread.java:745)
Caused by: com.alibaba.dubbo.remoting.RemotingException: message can not send, because channel is closed . url:dubbo://192.168.68.135:7070/com.alibaba.dubbo.monitor.MonitorService?check=false&cluster=failsafe&codec=dubbo&dubbo=2.5.6&heartbeat=60000&interface=com.alibaba.dubbo.monitor.MonitorService&pid=6604&reference.filter=-monitor&timestamp=1509346572973
	at com.alibaba.dubbo.remoting.transport.AbstractClient.send(AbstractClient.java:256)
	at com.alibaba.dubbo.remoting.transport.AbstractPeer.send(AbstractPeer.java:54)
	at com.alibaba.dubbo.remoting.exchange.support.header.HeaderExchangeChannel.request(HeaderExchangeChannel.java:112)
	at com.alibaba.dubbo.remoting.exchange.support.header.HeaderExchangeClient.request(HeaderExchangeClient.java:88)
	at com.alibaba.dubbo.rpc.protocol.dubbo.ReferenceCountExchangeClient.request(ReferenceCountExchangeClient.java:78)
	at com.alibaba.dubbo.rpc.protocol.dubbo.DubboInvoker.doInvoke(DubboInvoker.java:97)
	... 17 more
2017-10-30 15:00:11,497 INFO [com.alibaba.dubbo.monitor.dubbo.DubboMonitor] -  [DUBBO] Send statistics to monitor dubbo://192.168.68.135:7070/com.alibaba.dubbo.monitor.MonitorService?check=false&cluster=failsafe&dubbo=2.5.6&interface=com.alibaba.dubbo.monitor.MonitorService&pid=6604&reference.filter=-monitor&timestamp=1509346572973, dubbo version: 2.5.6, current host: 192.168.28.87
2017-10-30 15:00:11,497 ERROR [com.alibaba.dubbo.monitor.dubbo.DubboMonitor] -  [DUBBO] Unexpected error occur at send statistic, cause: Failed to invoke remote method: collect, provider: dubbo://192.168.68.135:7070/com.alibaba.dubbo.monitor.MonitorService?check=false&cluster=failsafe&dubbo=2.5.6&interface=com.alibaba.dubbo.monitor.MonitorService&pid=6604&reference.filter=-monitor&timestamp=1509346572973, cause: message can not send, because channel is closed . url:dubbo://192.168.68.135:7070/com.alibaba.dubbo.monitor.MonitorService?check=false&cluster=failsafe&codec=dubbo&dubbo=2.5.6&heartbeat=60000&interface=com.alibaba.dubbo.monitor.MonitorService&pid=6604&reference.filter=-monitor&timestamp=1509346572973, dubbo version: 2.5.6, current host: 192.168.28.87
com.alibaba.dubbo.rpc.RpcException: Failed to invoke remote method: collect, provider: dubbo://192.168.68.135:7070/com.alibaba.dubbo.monitor.MonitorService?check=false&cluster=failsafe&dubbo=2.5.6&interface=com.alibaba.dubbo.monitor.MonitorService&pid=6604&reference.filter=-monitor&timestamp=1509346572973, cause: message can not send, because channel is closed . url:dubbo://192.168.68.135:7070/com.alibaba.dubbo.monitor.MonitorService?check=false&cluster=failsafe&codec=dubbo&dubbo=2.5.6&heartbeat=60000&interface=com.alibaba.dubbo.monitor.MonitorService&pid=6604&reference.filter=-monitor&timestamp=1509346572973
	at com.alibaba.dubbo.rpc.protocol.dubbo.DubboInvoker.doInvoke(DubboInvoker.java:102)
	at com.alibaba.dubbo.rpc.protocol.AbstractInvoker.invoke(AbstractInvoker.java:144)
	at com.alibaba.dubbo.rpc.protocol.dubbo.filter.FutureFilter.invoke(FutureFilter.java:54)
	at com.alibaba.dubbo.rpc.protocol.ProtocolFilterWrapper$1.invoke(ProtocolFilterWrapper.java:69)
	at com.alibaba.dubbo.rpc.filter.ConsumerContextFilter.invoke(ConsumerContextFilter.java:48)
	at com.alibaba.dubbo.rpc.protocol.ProtocolFilterWrapper$1.invoke(ProtocolFilterWrapper.java:69)
	at com.alibaba.dubbo.rpc.listener.ListenerInvokerWrapper.invoke(ListenerInvokerWrapper.java:74)
	at com.alibaba.dubbo.rpc.proxy.InvokerInvocationHandler.invoke(InvokerInvocationHandler.java:52)
	at com.alibaba.dubbo.common.bytecode.proxy0.collect(proxy0.java)
	at com.alibaba.dubbo.monitor.dubbo.DubboMonitor.send(DubboMonitor.java:113)
	at com.alibaba.dubbo.monitor.dubbo.DubboMonitor$1.run(DubboMonitor.java:70)
	at java.util.concurrent.Executors$RunnableAdapter.call(Executors.java:511)
	at java.util.concurrent.FutureTask.runAndReset(FutureTask.java:308)
	at java.util.concurrent.ScheduledThreadPoolExecutor$ScheduledFutureTask.access$301(ScheduledThreadPoolExecutor.java:180)
	at java.util.concurrent.ScheduledThreadPoolExecutor$ScheduledFutureTask.run(ScheduledThreadPoolExecutor.java:294)
	at java.util.concurrent.ThreadPoolExecutor.runWorker(ThreadPoolExecutor.java:1142)
	at java.util.concurrent.ThreadPoolExecutor$Worker.run(ThreadPoolExecutor.java:617)
	at java.lang.Thread.run(Thread.java:745)
Caused by: com.alibaba.dubbo.remoting.RemotingException: message can not send, because channel is closed . url:dubbo://192.168.68.135:7070/com.alibaba.dubbo.monitor.MonitorService?check=false&cluster=failsafe&codec=dubbo&dubbo=2.5.6&heartbeat=60000&interface=com.alibaba.dubbo.monitor.MonitorService&pid=6604&reference.filter=-monitor&timestamp=1509346572973
	at com.alibaba.dubbo.remoting.transport.AbstractClient.send(AbstractClient.java:256)
	at com.alibaba.dubbo.remoting.transport.AbstractPeer.send(AbstractPeer.java:54)
	at com.alibaba.dubbo.remoting.exchange.support.header.HeaderExchangeChannel.request(HeaderExchangeChannel.java:112)
	at com.alibaba.dubbo.remoting.exchange.support.header.HeaderExchangeClient.request(HeaderExchangeClient.java:88)
	at com.alibaba.dubbo.rpc.protocol.dubbo.ReferenceCountExchangeClient.request(ReferenceCountExchangeClient.java:78)
	at com.alibaba.dubbo.rpc.protocol.dubbo.DubboInvoker.doInvoke(DubboInvoker.java:97)
	... 17 more
2017-10-30 15:00:19,978 WARN [com.alibaba.dubbo.remoting.transport.AbstractServer] -  [DUBBO] All clients has discontected from /192.168.28.87:9329. You can graceful shutdown now., dubbo version: 2.5.6, current host: 192.168.28.87
2017-10-30 15:00:19,979 INFO [com.alibaba.dubbo.rpc.protocol.dubbo.DubboProtocol] -  [DUBBO] disconected from /192.168.28.87:2816,url:dubbo://192.168.28.87:9329/cn.mldn.mldndubbo.service.IMemberService?anyhost=true&application=mldn-service&channel.readonly.sent=true&codec=dubbo&default.dispatcher=all&default.threadpool=fixed&default.threads=64&default.timeout=10000000&default.token=true&dubbo=2.5.6&generic=false&heartbeat=60000&interface=cn.mldn.mldndubbo.service.IMemberService&methods=getRoleAndActionByMember,get&monitor=dubbo%3A%2F%2F192.168.68.135%3A7070%3Fdubbo%3D2.5.6%26interface%3Dcom.alibaba.dubbo.monitor.MonitorService%26pid%3D6604%26timestamp%3D1509346572973&pid=6604&revision=dev&side=provider&timestamp=1509346572888&version=dev, dubbo version: 2.5.6, current host: 192.168.28.87
